#
# A fatal error has been detected by the Java Runtime Environment:
#
#  Internal Error (javaCalls.cpp:51), pid=18935, tid=0x0000000000003003
#  guarantee(thread->is_Java_thread()) failed: crucial check - the VM thread cannot and must not escape to Java code
#
# JRE version: Java(TM) SE Runtime Environment (8.0_241-b07) (build 1.8.0_241-b07)
# Java VM: Java HotSpot(TM) 64-Bit Server VM (25.241-b07 mixed mode bsd-amd64 compressed oops)
# Failed to write core dump. Core dumps have been disabled. To enable core dumping, try "ulimit -c unlimited" before starting Java again
#
# If you would like to submit a bug report, please visit:
#   http://bugreport.java.com/bugreport/crash.jsp
#

---------------  T H R E A D  ---------------

Current thread (0x00007fdbd100a800):  VMThread [stack: 0x000070000be52000,0x000070000bf52000] [id=12291]

Stack: [0x000070000be52000,0x000070000bf52000],  sp=0x000070000bf50b20,  free space=1018k
Native frames: (J=compiled Java code, j=interpreted, Vv=VM code, C=native code)
V  [libjvm.dylib+0x5bc994]  VMError::report_and_die()+0x3f8
V  [libjvm.dylib+0x1ea9f9]  report_vm_error(char const*, int, char const*, char const*)+0x54
V  [libjvm.dylib+0x2f11a8]  JavaCallWrapper::JavaCallWrapper(methodHandle, Handle, JavaValue*, Thread*)+0x64
V  [libjvm.dylib+0x2f1a60]  JavaCalls::call_helper(JavaValue*, methodHandle*, JavaCallArguments*, Thread*)+0x608
V  [libjvm.dylib+0x2f1f93]  JavaCalls::call_special(JavaValue*, KlassHandle, Symbol*, Symbol*, JavaCallArguments*, Thread*)+0x111
V  [libjvm.dylib+0x2455ab]  Exceptions::new_exception(Thread*, Symbol*, Symbol*, JavaCallArguments*, Handle, Handle)+0xc7
V  [libjvm.dylib+0x2456a6]  Exceptions::new_exception(Thread*, Symbol*, Symbol*, JavaCallArguments*, Handle, Handle, Handle)+0x28
V  [libjvm.dylib+0x245905]  Exceptions::new_exception(Thread*, Symbol*, char const*, Handle, Handle, Handle, Exceptions::ExceptionMsgToUtf8Mode)+0x169
V  [libjvm.dylib+0x245920]  Exceptions::new_exception(Thread*, Symbol*, char const*, Exceptions::ExceptionMsgToUtf8Mode)+0x18
V  [libjvm.dylib+0x28975f]  GenerateOopMap::verify_error(char const*, ...)+0xed
V  [libjvm.dylib+0x2897ef]  GenerateOopMap::check_type(CellTypeState, CellTypeState)+0x4b
V  [libjvm.dylib+0x289b0b]  GenerateOopMap::ppop(CellTypeState*)+0x37
V  [libjvm.dylib+0x28c40b]  GenerateOopMap::interp_bb(BasicBlock*)+0x14b
V  [libjvm.dylib+0x28c613]  GenerateOopMap::interp_all()+0x31
V  [libjvm.dylib+0x28cbaa]  GenerateOopMap::do_interpretation()+0x44
V  [libjvm.dylib+0x28cfc3]  GenerateOopMap::compute_map(Thread*)+0x1fb
V  [libjvm.dylib+0x487a71]  OopMapForCacheEntry::compute_map(Thread*)+0x8f
V  [libjvm.dylib+0x487c7a]  OopMapCacheEntry::fill(methodHandle, int)+0x19e
V  [libjvm.dylib+0x487e5b]  OopMapCache::compute_one_oop_map(methodHandle, int, InterpreterOopMap*)+0x16b
V  [libjvm.dylib+0x488112]  OopMapCache::lookup(methodHandle, int, InterpreterOopMap*) const+0x25c
V  [libjvm.dylib+0x2c4906]  InstanceKlass::mask_for(methodHandle, int, InterpreterOopMap*)+0xd2
V  [libjvm.dylib+0x455751]  Method::mask_for(int, InterpreterOopMap*)+0xb3
V  [libjvm.dylib+0x39ce1b]  VM_GetOrSetLocal::doit()+0x47
V  [libjvm.dylib+0x5c4685]  VM_Operation::evaluate()+0x4f
V  [libjvm.dylib+0x5c2c1b]  VMThread::evaluate_operation(VM_Operation*)+0xdf
V  [libjvm.dylib+0x5c3068]  VMThread::loop()+0x328
V  [libjvm.dylib+0x5c2987]  VMThread::run()+0x79
V  [libjvm.dylib+0x490b86]  java_start(Thread*)+0xf6
C  [libsystem_pthread.dylib+0x5e65]  _pthread_start+0x94
C  [libsystem_pthread.dylib+0x183b]  thread_start+0xf

VM_Operation (0x000070000c4639f8): GetOrSetLocal, mode: safepoint, requested by thread 0x00007fdbce81c800


---------------  P R O C E S S  ---------------

Java Threads: ( => current thread )
  0x00007fdbce82d000 JavaThread "Service Thread" daemon [_thread_blocked, id=43267, stack(0x000070000ca79000,0x000070000cb79000)]
  0x00007fdbce82c800 JavaThread "C1 CompilerThread3" daemon [_thread_blocked, id=21763, stack(0x000070000c976000,0x000070000ca76000)]
  0x00007fdbce82b800 JavaThread "C2 CompilerThread2" daemon [_thread_blocked, id=16131, stack(0x000070000c873000,0x000070000c973000)]
  0x00007fdbce828800 JavaThread "C2 CompilerThread1" daemon [_thread_blocked, id=16387, stack(0x000070000c770000,0x000070000c870000)]
  0x00007fdbce821000 JavaThread "C2 CompilerThread0" daemon [_thread_blocked, id=15107, stack(0x000070000c66d000,0x000070000c76d000)]
  0x00007fdbcf00c000 JavaThread "JDWP Command Reader" daemon [_thread_in_native, id=14851, stack(0x000070000c56a000,0x000070000c66a000)]
  0x00007fdbce81d800 JavaThread "JDWP Event Helper Thread" daemon [_thread_blocked, id=14595, stack(0x000070000c467000,0x000070000c567000)]
  0x00007fdbce81c800 JavaThread "JDWP Transport Listener: dt_socket" daemon [_thread_blocked, id=17159, stack(0x000070000c364000,0x000070000c464000)]
  0x00007fdbce033800 JavaThread "Signal Dispatcher" daemon [_thread_blocked, id=17411, stack(0x000070000c261000,0x000070000c361000)]
  0x00007fdbd1014000 JavaThread "Finalizer" daemon [_thread_blocked, id=12547, stack(0x000070000c058000,0x000070000c158000)]
  0x00007fdbd1011000 JavaThread "Reference Handler" daemon [_thread_blocked, id=20227, stack(0x000070000bf55000,0x000070000c055000)]
  0x00007fdbce806000 JavaThread "main" [_thread_blocked, id=3331, stack(0x000070000b537000,0x000070000b637000)]

Other Threads:
=>0x00007fdbd100a800 VMThread [stack: 0x000070000be52000,0x000070000bf52000] [id=12291]
  0x00007fdbce82e000 WatcherThread [stack: 0x000070000cb7c000,0x000070000cc7c000] [id=42755]

VM state:at safepoint (normal execution)

VM Mutex/Monitor currently owned by a thread:  ([mutex/lock_event])
[0x00007fdbcde0a900] Threads_lock - owner thread: 0x00007fdbd100a800

heap address: 0x0000000740000000, size: 2048 MB, Compressed Oops mode: Zero based, Oop shift amount: 3
Narrow klass base: 0x0000000000000000, Narrow klass shift: 3
Compressed class space size: 1073741824 Address: 0x00000007c0000000

Heap:
 PSYoungGen      total 38400K, used 6028K [0x0000000795580000, 0x0000000798000000, 0x00000007c0000000)
  eden space 33280K, 18% used [0x0000000795580000,0x0000000795b633c0,0x0000000797600000)
  from space 5120K, 0% used [0x0000000797b00000,0x0000000797b00000,0x0000000798000000)
  to   space 5120K, 0% used [0x0000000797600000,0x0000000797600000,0x0000000797b00000)
 ParOldGen       total 87552K, used 0K [0x0000000740000000, 0x0000000745580000, 0x0000000795580000)
  object space 87552K, 0% used [0x0000000740000000,0x0000000740000000,0x0000000745580000)
 Metaspace       used 5012K, capacity 5126K, committed 5248K, reserved 1056768K
  class space    used 526K, capacity 561K, committed 640K, reserved 1048576K

Card table byte_map: [0x000000010b97e000,0x000000010bd7f000] byte_map_base: 0x0000000107f7e000

Marking Bits: (ParMarkBitMap*) 0x000000010af01f80
 Begin Bits: [0x000000010c02a000, 0x000000010e02a000)
 End Bits:   [0x000000010e02a000, 0x000000011002a000)

Polling page: 0x00000001094ae000

CodeCache: size=245760Kb used=1370Kb max_used=1370Kb free=244389Kb
 bounds [0x0000000110832000, 0x0000000110aa2000, 0x000000011f832000]
 total_blobs=419 nmethods=133 adapters=208
 compilation: enabled

Compilation events (10 events):
Event: 655.845 Thread 0x00007fdbce82c800  129       3       org.eclipse.jdt.launching.internal.org.objectweb.asm.ClassReader::readUtf (44 bytes)
Event: 655.845 Thread 0x00007fdbce82c800 nmethod 129 0x0000000110986e10 code [0x0000000110986fa0, 0x0000000110987448]
Event: 747.580 Thread 0x00007fdbce82c800  130       3       org.eclipse.jdt.launching.internal.org.objectweb.asm.SymbolTable::addConstantUtf8 (98 bytes)
Event: 747.581 Thread 0x00007fdbce82c800 nmethod 130 0x0000000110986010 code [0x0000000110986200, 0x00000001109869d8]
Event: 1897.535 Thread 0x00007fdbce82c800  131       3       org.eclipse.jdt.launching.internal.org.objectweb.asm.ByteVector::putByte (39 bytes)
Event: 1897.536 Thread 0x00007fdbce82c800 nmethod 131 0x0000000110988990 code [0x0000000110988b00, 0x0000000110988d48]
Event: 1942.058 Thread 0x00007fdbce82c800  132       1       java.security.ProtectionDomain::getCodeSource (5 bytes)
Event: 1942.059 Thread 0x00007fdbce82c800 nmethod 132 0x0000000110985c90 code [0x0000000110985de0, 0x0000000110985ef0]
Event: 1942.059 Thread 0x00007fdbce82c800  133       3       java.lang.StringBuilder::<init> (7 bytes)
Event: 1942.059 Thread 0x00007fdbce82c800 nmethod 133 0x0000000110988e90 code [0x0000000110989000, 0x00000001109892b0]

GC Heap History (0 events):
No events

Deoptimization events (0 events):
No events

Classes redefined (10 events):
Event: 166.862 Thread 0x00007fdbd100a800 redefined class name=com.syntax.class04.ScannerTask, count=2
Event: 260.387 Thread 0x00007fdbd100a800 redefined class name=com.syntax.class04.ScannerTask, count=3
Event: 523.873 Thread 0x00007fdbd100a800 redefined class name=com.syntax.class04.ScannerTask, count=4
Event: 607.038 Thread 0x00007fdbd100a800 redefined class name=com.syntax.class04.ScannerTask, count=5
Event: 655.845 Thread 0x00007fdbd100a800 redefined class name=com.syntax.class04.ScannerTask, count=6
Event: 747.581 Thread 0x00007fdbd100a800 redefined class name=com.syntax.class04.ScannerTask, count=7
Event: 795.309 Thread 0x00007fdbd100a800 redefined class name=com.syntax.class04.ScannerTask, count=8
Event: 871.607 Thread 0x00007fdbd100a800 redefined class name=com.syntax.class04.ScannerTask, count=9
Event: 1897.536 Thread 0x00007fdbd100a800 redefined class name=com.syntax.class04.ScannerTask, count=10
Event: 1942.059 Thread 0x00007fdbd100a800 redefined class name=com.syntax.class04.ScannerTask, count=11

Internal exceptions (2 events):
Event: 0.035 Thread 0x00007fdbce806000 Exception <a 'java/lang/NoSuchMethodError': Method sun.misc.Unsafe.defineClass(Ljava/lang/String;[BII)Ljava/lang/Class; name or signature does not match> (0x0000000795587cc0) thrown at [/jenkins/workspace/8-2-build-macosx-x86_64/jdk8u241/331/hotspot/src/s
Event: 0.035 Thread 0x00007fdbce806000 Exception <a 'java/lang/NoSuchMethodError': Method sun.misc.Unsafe.prefetchRead(Ljava/lang/Object;J)V name or signature does not match> (0x0000000795587fa8) thrown at [/jenkins/workspace/8-2-build-macosx-x86_64/jdk8u241/331/hotspot/src/share/vm/prims/jni.

Events (10 events):
Event: 18527.510 Executing VM operation: GetCurrentContendedMonitor done
Event: 18614.006 Executing VM operation: GetCurrentContendedMonitor
Event: 18614.006 Executing VM operation: GetCurrentContendedMonitor done
Event: 18614.006 Executing VM operation: GetOwnedMonitorInfo
Event: 18614.006 Executing VM operation: GetOwnedMonitorInfo done
Event: 18614.173 Executing VM operation: GetCurrentContendedMonitor
Event: 18614.173 Executing VM operation: GetCurrentContendedMonitor done
Event: 18614.174 Executing VM operation: GetOwnedMonitorInfo
Event: 18614.174 Executing VM operation: GetOwnedMonitorInfo done
Event: 18615.671 Executing VM operation: GetOrSetLocal


Dynamic libraries:
0x00007fff39c64000 	/System/Library/Frameworks/Cocoa.framework/Versions/A/Cocoa
0x00007fff47232000 	/System/Library/Frameworks/Security.framework/Versions/A/Security
0x00007fff38bee000 	/System/Library/Frameworks/ApplicationServices.framework/Versions/A/ApplicationServices
0x00007fff714c6000 	/usr/lib/libz.1.dylib
0x00007fff6ef95000 	/usr/lib/libSystem.B.dylib
0x00007fff70dea000 	/usr/lib/libobjc.A.dylib
0x00007fff3abdb000 	/System/Library/Frameworks/CoreFoundation.framework/Versions/A/CoreFoundation
0x00007fff3d2a0000 	/System/Library/Frameworks/Foundation.framework/Versions/C/Foundation
0x00007fff37de3000 	/System/Library/Frameworks/AppKit.framework/Versions/C/AppKit
0x00007fff3a6e7000 	/System/Library/Frameworks/CoreData.framework/Versions/A/CoreData
0x00007fff6b83d000 	/System/Library/PrivateFrameworks/UIFoundation.framework/Versions/A/UIFoundation
0x00007fff66019000 	/System/Library/PrivateFrameworks/RemoteViewServices.framework/Versions/A/RemoteViewServices
0x00007fff6e2d0000 	/System/Library/PrivateFrameworks/XCTTargetBootstrap.framework/Versions/A/XCTTargetBootstrap
0x00007fff3aaca000 	/System/Library/Frameworks/CoreDisplay.framework/Versions/A/CoreDisplay
0x00007fff40018000 	/System/Library/Frameworks/Metal.framework/Versions/A/Metal
0x00007fff54435000 	/System/Library/PrivateFrameworks/DesktopServicesPriv.framework/Versions/A/DesktopServicesPriv
0x00007fff700cb000 	/usr/lib/liblangid.dylib
0x00007fff53581000 	/System/Library/PrivateFrameworks/CoreSVG.framework/Versions/A/CoreSVG
0x00007fff68de0000 	/System/Library/PrivateFrameworks/SkyLight.framework/Versions/A/SkyLight
0x00007fff3b05d000 	/System/Library/Frameworks/CoreGraphics.framework/Versions/A/CoreGraphics
0x00007fff36982000 	/System/Library/Frameworks/Accelerate.framework/Versions/A/Accelerate
0x00007fff713b7000 	/usr/lib/libxml2.2.dylib
0x00007fff5f143000 	/System/Library/PrivateFrameworks/IconServices.framework/Versions/A/IconServices
0x00007fff3da85000 	/System/Library/Frameworks/IOSurface.framework/Versions/A/IOSurface
0x00007fff6eacd000 	/usr/lib/libDiagnosticMessagesClient.dylib
0x00007fff542ae000 	/System/Library/PrivateFrameworks/DFRFoundation.framework/Versions/A/DFRFoundation
0x00007fff6fe59000 	/usr/lib/libicucore.A.dylib
0x00007fff38f20000 	/System/Library/Frameworks/AudioToolbox.framework/Versions/A/AudioToolbox
0x00007fff39002000 	/System/Library/Frameworks/AudioUnit.framework/Versions/A/AudioUnit
0x00007fff6f196000 	/usr/lib/libauto.dylib
0x00007fff5432f000 	/System/Library/PrivateFrameworks/DataDetectorsCore.framework/Versions/A/DataDetectorsCore
0x00007fff39784000 	/System/Library/Frameworks/Carbon.framework/Versions/A/Frameworks/HIToolbox.framework/Versions/A/HIToolbox
0x00007fff46463000 	/System/Library/Frameworks/QuartzCore.framework/Versions/A/QuartzCore
0x00007fff39ac3000 	/System/Library/Frameworks/Carbon.framework/Versions/A/Frameworks/SpeechRecognition.framework/Versions/A/SpeechRecognition
0x00007fff53c34000 	/System/Library/PrivateFrameworks/CoreUI.framework/Versions/A/CoreUI
0x00007fff3a14d000 	/System/Library/Frameworks/CoreAudio.framework/Versions/A/CoreAudio
0x00007fff3cf68000 	/System/Library/Frameworks/DiskArbitration.framework/Versions/A/DiskArbitration
0x00007fff61158000 	/System/Library/PrivateFrameworks/MultitouchSupport.framework/Versions/A/MultitouchSupport
0x00007fff6fd1f000 	/usr/lib/libenergytrace.dylib
0x00007fff3d9e0000 	/System/Library/Frameworks/IOKit.framework/Versions/A/IOKit
0x00007fff3bfcb000 	/System/Library/Frameworks/CoreServices.framework/Versions/A/CoreServices
0x00007fff63265000 	/System/Library/PrivateFrameworks/PerformanceAnalysis.framework/Versions/A/PerformanceAnalysis
0x00007fff45499000 	/System/Library/Frameworks/OpenGL.framework/Versions/A/OpenGL
0x00007fff39c72000 	/System/Library/Frameworks/ColorSync.framework/Versions/A/ColorSync
0x00007fff3b6e4000 	/System/Library/Frameworks/CoreImage.framework/Versions/A/CoreImage
0x00007fff3ca41000 	/System/Library/Frameworks/CoreText.framework/Versions/A/CoreText
0x00007fff3db0b000 	/System/Library/Frameworks/ImageIO.framework/Versions/A/ImageIO
0x00007fff6f27b000 	/usr/lib/libc++.1.dylib
0x00007fff6f2f7000 	/usr/lib/libcompression.dylib
0x00007fff6ee0f000 	/usr/lib/libMobileGestalt.dylib
0x00007fff6a91f000 	/System/Library/PrivateFrameworks/TextureIO.framework/Versions/A/TextureIO
0x00007fff6f0fc000 	/usr/lib/libate.dylib
0x00007fff5f34c000 	/System/Library/PrivateFrameworks/InternationalSupport.framework/Versions/A/InternationalSupport
0x00007fff71f3c000 	/usr/lib/system/libcache.dylib
0x00007fff71f42000 	/usr/lib/system/libcommonCrypto.dylib
0x00007fff71f4e000 	/usr/lib/system/libcompiler_rt.dylib
0x00007fff71f56000 	/usr/lib/system/libcopyfile.dylib
0x00007fff71f60000 	/usr/lib/system/libcorecrypto.dylib
0x00007fff7210e000 	/usr/lib/system/libdispatch.dylib
0x00007fff72150000 	/usr/lib/system/libdyld.dylib
0x00007fff72186000 	/usr/lib/system/libkeymgr.dylib
0x00007fff72194000 	/usr/lib/system/liblaunch.dylib
0x00007fff72195000 	/usr/lib/system/libmacho.dylib
0x00007fff7219b000 	/usr/lib/system/libquarantine.dylib
0x00007fff7219e000 	/usr/lib/system/libremovefile.dylib
0x00007fff721a0000 	/usr/lib/system/libsystem_asl.dylib
0x00007fff721b8000 	/usr/lib/system/libsystem_blocks.dylib
0x00007fff721b9000 	/usr/lib/system/libsystem_c.dylib
0x00007fff72241000 	/usr/lib/system/libsystem_configuration.dylib
0x00007fff72245000 	/usr/lib/system/libsystem_coreservices.dylib
0x00007fff72249000 	/usr/lib/system/libsystem_darwin.dylib
0x00007fff72252000 	/usr/lib/system/libsystem_dnssd.dylib
0x00007fff7225a000 	/usr/lib/system/libsystem_featureflags.dylib
0x00007fff7225c000 	/usr/lib/system/libsystem_info.dylib
0x00007fff722d7000 	/usr/lib/system/libsystem_m.dylib
0x00007fff7231f000 	/usr/lib/system/libsystem_malloc.dylib
0x00007fff72347000 	/usr/lib/system/libsystem_networkextension.dylib
0x00007fff72355000 	/usr/lib/system/libsystem_notify.dylib
0x00007fff72374000 	/usr/lib/system/libsystem_sandbox.dylib
0x00007fff72379000 	/usr/lib/system/libsystem_secinit.dylib
0x00007fff722aa000 	/usr/lib/system/libsystem_kernel.dylib
0x00007fff7235f000 	/usr/lib/system/libsystem_platform.dylib
0x00007fff72369000 	/usr/lib/system/libsystem_pthread.dylib
0x00007fff7237c000 	/usr/lib/system/libsystem_symptoms.dylib
0x00007fff72384000 	/usr/lib/system/libsystem_trace.dylib
0x00007fff7239c000 	/usr/lib/system/libunwind.dylib
0x00007fff723a2000 	/usr/lib/system/libxpc.dylib
0x00007fff6f2cf000 	/usr/lib/libc++abi.dylib
0x00007fff700cd000 	/usr/lib/liblzma.5.dylib
0x00007fff6fd47000 	/usr/lib/libfakelink.dylib
0x00007fff6f089000 	/usr/lib/libarchive.2.dylib
0x00007fff483d4000 	/System/Library/Frameworks/SystemConfiguration.framework/Versions/A/SystemConfiguration
0x00007fff6e9fe000 	/usr/lib/libCRFSuite.dylib
0x00007fff39378000 	/System/Library/Frameworks/CFNetwork.framework/Versions/A/CFNetwork
0x00007fff6f25d000 	/usr/lib/libbsm.0.dylib
0x00007fff72187000 	/usr/lib/system/libkxld.dylib
0x00007fff4dd65000 	/System/Library/PrivateFrameworks/AppleFSCompression.framework/Versions/A/AppleFSCompression
0x00007fff6f5de000 	/usr/lib/libcoretls.dylib
0x00007fff6f5f5000 	/usr/lib/libcoretls_cfhelpers.dylib
0x00007fff70e2e000 	/usr/lib/libpam.2.dylib
0x00007fff70f61000 	/usr/lib/libsqlite3.dylib
0x00007fff713a4000 	/usr/lib/libxar.1.dylib
0x00007fff6f26e000 	/usr/lib/libbz2.1.0.dylib
0x00007fff6fd68000 	/usr/lib/libiconv.2.dylib
0x00007fff6f2e4000 	/usr/lib/libcharset.1.dylib
0x00007fff708d5000 	/usr/lib/libnetwork.dylib
0x00007fff70e35000 	/usr/lib/libpcap.A.dylib
0x00007fff6f03e000 	/usr/lib/libapple_nghttp2.dylib
0x00007fff3c382000 	/System/Library/Frameworks/CoreServices.framework/Versions/A/Frameworks/FSEvents.framework/Versions/A/FSEvents
0x00007fff3c052000 	/System/Library/Frameworks/CoreServices.framework/Versions/A/Frameworks/CarbonCore.framework/Versions/A/CarbonCore
0x00007fff3c5c5000 	/System/Library/Frameworks/CoreServices.framework/Versions/A/Frameworks/Metadata.framework/Versions/A/Metadata
0x00007fff3c65e000 	/System/Library/Frameworks/CoreServices.framework/Versions/A/Frameworks/OSServices.framework/Versions/A/OSServices
0x00007fff3c68c000 	/System/Library/Frameworks/CoreServices.framework/Versions/A/Frameworks/SearchKit.framework/Versions/A/SearchKit
0x00007fff3bfcc000 	/System/Library/Frameworks/CoreServices.framework/Versions/A/Frameworks/AE.framework/Versions/A/AE
0x00007fff3c38b000 	/System/Library/Frameworks/CoreServices.framework/Versions/A/Frameworks/LaunchServices.framework/Versions/A/LaunchServices
0x00007fff3c334000 	/System/Library/Frameworks/CoreServices.framework/Versions/A/Frameworks/DictionaryServices.framework/Versions/A/DictionaryServices
0x00007fff3c6f4000 	/System/Library/Frameworks/CoreServices.framework/Versions/A/Frameworks/SharedFileList.framework/Versions/A/SharedFileList
0x00007fff412ed000 	/System/Library/Frameworks/NetFS.framework/Versions/A/NetFS
0x00007fff61688000 	/System/Library/PrivateFrameworks/NetAuth.framework/Versions/A/NetAuth
0x00007fff6e69b000 	/System/Library/PrivateFrameworks/login.framework/Versions/A/Frameworks/loginsupport.framework/Versions/A/loginsupport
0x00007fff6a41a000 	/System/Library/PrivateFrameworks/TCC.framework/Versions/A/TCC
0x00007fff52950000 	/System/Library/PrivateFrameworks/CoreNLP.framework/Versions/A/CoreNLP
0x00007fff60b88000 	/System/Library/PrivateFrameworks/MetadataUtilities.framework/Versions/A/MetadataUtilities
0x00007fff701a5000 	/usr/lib/libmecabra.dylib
0x00007fff700fd000 	/usr/lib/libmecab.dylib
0x00007fff6fd58000 	/usr/lib/libgermantok.dylib
0x00007fff6f025000 	/usr/lib/libThaiTokenizer.dylib
0x00007fff6ea36000 	/usr/lib/libChineseTokenizer.dylib
0x00007fff3699a000 	/System/Library/Frameworks/Accelerate.framework/Versions/A/Frameworks/vImage.framework/Versions/A/vImage
0x00007fff37c3d000 	/System/Library/Frameworks/Accelerate.framework/Versions/A/Frameworks/vecLib.framework/Versions/A/vecLib
0x00007fff37b81000 	/System/Library/Frameworks/Accelerate.framework/Versions/A/Frameworks/vecLib.framework/Versions/A/libvMisc.dylib
0x00007fff379a7000 	/System/Library/Frameworks/Accelerate.framework/Versions/A/Frameworks/vecLib.framework/Versions/A/libvDSP.dylib
0x00007fff37006000 	/System/Library/Frameworks/Accelerate.framework/Versions/A/Frameworks/vecLib.framework/Versions/A/libBLAS.dylib
0x00007fff37561000 	/System/Library/Frameworks/Accelerate.framework/Versions/A/Frameworks/vecLib.framework/Versions/A/libLAPACK.dylib
0x00007fff37907000 	/System/Library/Frameworks/Accelerate.framework/Versions/A/Frameworks/vecLib.framework/Versions/A/libLinearAlgebra.dylib
0x00007fff37994000 	/System/Library/Frameworks/Accelerate.framework/Versions/A/Frameworks/vecLib.framework/Versions/A/libSparseBLAS.dylib
0x00007fff3791d000 	/System/Library/Frameworks/Accelerate.framework/Versions/A/Frameworks/vecLib.framework/Versions/A/libQuadrature.dylib
0x00007fff37270000 	/System/Library/Frameworks/Accelerate.framework/Versions/A/Frameworks/vecLib.framework/Versions/A/libBNNS.dylib
0x00007fff37923000 	/System/Library/Frameworks/Accelerate.framework/Versions/A/Frameworks/vecLib.framework/Versions/A/libSparse.dylib
0x00007fff5f70b000 	/System/Library/PrivateFrameworks/LanguageModeling.framework/Versions/A/LanguageModeling
0x00007fff522ec000 	/System/Library/PrivateFrameworks/CoreEmoji.framework/Versions/A/CoreEmoji
0x00007fff5f829000 	/System/Library/PrivateFrameworks/LinguisticData.framework/Versions/A/LinguisticData
0x00007fff5f7da000 	/System/Library/PrivateFrameworks/Lexicon.framework/Versions/A/Lexicon
0x00007fff6f2e5000 	/usr/lib/libcmph.dylib
0x00007fff43ebf000 	/System/Library/Frameworks/OpenDirectory.framework/Versions/A/Frameworks/CFOpenDirectory.framework/Versions/A/CFOpenDirectory
0x00007fff43edc000 	/System/Library/Frameworks/OpenDirectory.framework/Versions/A/OpenDirectory
0x00007fff4c1a9000 	/System/Library/PrivateFrameworks/APFS.framework/Versions/A/APFS
0x00007fff47585000 	/System/Library/Frameworks/SecurityFoundation.framework/Versions/A/SecurityFoundation
0x00007fff713a0000 	/usr/lib/libutil.dylib
0x00007fff535d9000 	/System/Library/PrivateFrameworks/CoreServicesStore.framework/Versions/A/CoreServicesStore
0x00007fff4763d000 	/System/Library/Frameworks/ServiceManagement.framework/Versions/A/ServiceManagement
0x00007fff4f51c000 	/System/Library/PrivateFrameworks/BackgroundTaskManagement.framework/Versions/A/BackgroundTaskManagement
0x00007fff7149d000 	/usr/lib/libxslt.1.dylib
0x00007fff4e3ca000 	/System/Library/PrivateFrameworks/AppleSystemInfo.framework/Versions/A/AppleSystemInfo
0x00007fff3dd28000 	/System/Library/Frameworks/ImageIO.framework/Versions/A/Resources/libJPEG.dylib
0x00007fff3dfe7000 	/System/Library/Frameworks/ImageIO.framework/Versions/A/Resources/libTIFF.dylib
0x00007fff3dfca000 	/System/Library/Frameworks/ImageIO.framework/Versions/A/Resources/libPng.dylib
0x00007fff3dc69000 	/System/Library/Frameworks/ImageIO.framework/Versions/A/Resources/libGIF.dylib
0x00007fff3dc6d000 	/System/Library/Frameworks/ImageIO.framework/Versions/A/Resources/libJP2.dylib
0x00007fff3dfe5000 	/System/Library/Frameworks/ImageIO.framework/Versions/A/Resources/libRadiance.dylib
0x00007fff6fd20000 	/usr/lib/libexpat.1.dylib
0x00007fff4dec0000 	/System/Library/PrivateFrameworks/AppleJPEG.framework/Versions/A/AppleJPEG
0x00007fff5683d000 	/System/Library/PrivateFrameworks/FontServices.framework/libFontParser.dylib
0x00007fff6d6f2000 	/System/Library/PrivateFrameworks/WatchdogClient.framework/Versions/A/WatchdogClient
0x00007fff5ed98000 	/System/Library/PrivateFrameworks/IOAccelerator.framework/Versions/A/IOAccelerator
0x00007fff403a6000 	/System/Library/Frameworks/MetalPerformanceShaders.framework/Versions/A/MetalPerformanceShaders
0x00007fff5b58b000 	/System/Library/PrivateFrameworks/GPUWrangler.framework/Versions/A/GPUWrangler
0x00007fff5eda3000 	/System/Library/PrivateFrameworks/IOPresentment.framework/Versions/A/IOPresentment
0x00007fff542c1000 	/System/Library/PrivateFrameworks/DSExternalDisplay.framework/Versions/A/DSExternalDisplay
0x00007fff44845000 	/System/Library/Frameworks/OpenGL.framework/Versions/A/Libraries/libCoreFSCache.dylib
0x00007fff400f8000 	/System/Library/Frameworks/MetalPerformanceShaders.framework/Frameworks/MPSCore.framework/Versions/A/MPSCore
0x00007fff40135000 	/System/Library/Frameworks/MetalPerformanceShaders.framework/Frameworks/MPSImage.framework/Versions/A/MPSImage
0x00007fff401f7000 	/System/Library/Frameworks/MetalPerformanceShaders.framework/Frameworks/MPSNeuralNetwork.framework/Versions/A/MPSNeuralNetwork
0x00007fff401bc000 	/System/Library/Frameworks/MetalPerformanceShaders.framework/Frameworks/MPSMatrix.framework/Versions/A/MPSMatrix
0x00007fff40357000 	/System/Library/Frameworks/MetalPerformanceShaders.framework/Frameworks/MPSRayIntersector.framework/Versions/A/MPSRayIntersector
0x00007fff401e1000 	/System/Library/Frameworks/MetalPerformanceShaders.framework/Frameworks/MPSNDArray.framework/Versions/A/MPSNDArray
0x00007fff60bd5000 	/System/Library/PrivateFrameworks/MetalTools.framework/Versions/A/MetalTools
0x00007fff4d36e000 	/System/Library/PrivateFrameworks/AggregateDictionary.framework/Versions/A/AggregateDictionary
0x00007fff51d76000 	/System/Library/PrivateFrameworks/CoreAnalytics.framework/Versions/A/CoreAnalytics
0x00007fff4e2e8000 	/System/Library/PrivateFrameworks/AppleSauce.framework/Versions/A/AppleSauce
0x00007fff6ecf2000 	/usr/lib/libIOReport.dylib
0x00007fff3cbf6000 	/System/Library/Frameworks/CoreVideo.framework/Versions/A/CoreVideo
0x00007fff5c9f9000 	/System/Library/PrivateFrameworks/GraphVisualizer.framework/Versions/A/GraphVisualizer
0x00007fff55dbe000 	/System/Library/PrivateFrameworks/FaceCore.framework/Versions/A/FaceCore
0x00007fff43e66000 	/System/Library/Frameworks/OpenCL.framework/Versions/A/OpenCL
0x00007fff6eb14000 	/usr/lib/libFosl_dynamic.dylib
0x00007fff62083000 	/System/Library/PrivateFrameworks/OTSVG.framework/Versions/A/OTSVG
0x00007fff38cf3000 	/System/Library/Frameworks/ApplicationServices.framework/Versions/A/Frameworks/ATS.framework/Versions/A/Resources/libFontRegistry.dylib
0x00007fff56a0e000 	/System/Library/PrivateFrameworks/FontServices.framework/libhvf.dylib
0x00007fff44850000 	/System/Library/Frameworks/OpenGL.framework/Versions/A/Libraries/libGFXShared.dylib
0x00007fff44a2d000 	/System/Library/Frameworks/OpenGL.framework/Versions/A/Libraries/libGLU.dylib
0x00007fff44859000 	/System/Library/Frameworks/OpenGL.framework/Versions/A/Libraries/libGL.dylib
0x00007fff44864000 	/System/Library/Frameworks/OpenGL.framework/Versions/A/Libraries/libGLImage.dylib
0x00007fff44842000 	/System/Library/Frameworks/OpenGL.framework/Versions/A/Libraries/libCVMSPluginSupport.dylib
0x00007fff4484b000 	/System/Library/Frameworks/OpenGL.framework/Versions/A/Libraries/libCoreVMClient.dylib
0x00007fff70777000 	/usr/lib/libncurses.5.4.dylib
0x00007fff38bef000 	/System/Library/Frameworks/ApplicationServices.framework/Versions/A/Frameworks/ATS.framework/Versions/A/ATS
0x00007fff38dbc000 	/System/Library/Frameworks/ApplicationServices.framework/Versions/A/Frameworks/ColorSyncLegacy.framework/Versions/A/ColorSyncLegacy
0x00007fff38e5b000 	/System/Library/Frameworks/ApplicationServices.framework/Versions/A/Frameworks/HIServices.framework/Versions/A/HIServices
0x00007fff38eb2000 	/System/Library/Frameworks/ApplicationServices.framework/Versions/A/Frameworks/LangAnalysis.framework/Versions/A/LangAnalysis
0x00007fff38ec1000 	/System/Library/Frameworks/ApplicationServices.framework/Versions/A/Frameworks/PrintCore.framework/Versions/A/PrintCore
0x00007fff38f07000 	/System/Library/Frameworks/ApplicationServices.framework/Versions/A/Frameworks/QD.framework/Versions/A/QD
0x00007fff38f12000 	/System/Library/Frameworks/ApplicationServices.framework/Versions/A/Frameworks/SpeechSynthesis.framework/Versions/A/SpeechSynthesis
0x00007fff38d8c000 	/System/Library/Frameworks/ApplicationServices.framework/Versions/A/Frameworks/ATSUI.framework/Versions/A/ATSUI
0x00007fff6fbb4000 	/usr/lib/libcups.2.dylib
0x00007fff3f455000 	/System/Library/Frameworks/Kerberos.framework/Versions/A/Kerberos
0x00007fff3d6d5000 	/System/Library/Frameworks/GSS.framework/Versions/A/GSS
0x00007fff70eed000 	/usr/lib/libresolv.9.dylib
0x00007fff5cb9a000 	/System/Library/PrivateFrameworks/Heimdal.framework/Versions/A/Heimdal
0x00007fff3f468000 	/System/Library/Frameworks/Kerberos.framework/Versions/A/Libraries/libHeimdalProxy.dylib
0x00007fff6fd5e000 	/usr/lib/libheimdal-asn1.dylib
0x00007fff5121c000 	/System/Library/PrivateFrameworks/CommonAuth.framework/Versions/A/CommonAuth
0x00007fff4e467000 	/System/Library/PrivateFrameworks/AssertionServices.framework/Versions/A/AssertionServices
0x00007fff4f00a000 	/System/Library/PrivateFrameworks/AudioToolboxCore.framework/Versions/A/AudioToolboxCore
0x00007fff6e34c000 	/System/Library/PrivateFrameworks/caulk.framework/Versions/A/caulk
0x00007fff4f5c8000 	/System/Library/PrivateFrameworks/BaseBoard.framework/Versions/A/BaseBoard
0x00007fff661a8000 	/System/Library/PrivateFrameworks/RunningBoardServices.framework/Versions/A/RunningBoardServices
0x00007fff63271000 	/System/Library/PrivateFrameworks/PersistentConnection.framework/Versions/A/PersistentConnection
0x00007fff65bf7000 	/System/Library/PrivateFrameworks/ProtocolBuffer.framework/Versions/A/ProtocolBuffer
0x00007fff51241000 	/System/Library/PrivateFrameworks/CommonUtilities.framework/Versions/A/CommonUtilities
0x00007fff4f74b000 	/System/Library/PrivateFrameworks/Bom.framework/Versions/A/Bom
0x00007fff6e9c1000 	/usr/lib/libAudioToolboxUtility.dylib
0x00007fff4f526000 	/System/Library/PrivateFrameworks/Backup.framework/Versions/A/Backup
0x00007fff54031000 	/System/Library/PrivateFrameworks/CrashReporterSupport.framework/Versions/A/CrashReporterSupport
0x00007fff67ca4000 	/System/Library/PrivateFrameworks/Sharing.framework/Versions/A/Sharing
0x00007fff4dc0b000 	/System/Library/PrivateFrameworks/Apple80211.framework/Versions/A/Apple80211
0x00007fff4f248000 	/System/Library/PrivateFrameworks/AuthKit.framework/Versions/A/AuthKit
0x00007fff53d61000 	/System/Library/PrivateFrameworks/CoreUtils.framework/Versions/A/CoreUtils
0x00007fff3cc3b000 	/System/Library/Frameworks/CoreWLAN.framework/Versions/A/CoreWLAN
0x00007fff3d861000 	/System/Library/Frameworks/IOBluetooth.framework/Versions/A/IOBluetooth
0x00007fff60ed3000 	/System/Library/PrivateFrameworks/MobileKeyBag.framework/Versions/A/MobileKeyBag
0x00007fff52e2c000 	/System/Library/PrivateFrameworks/CorePhoneNumbers.framework/Versions/A/CorePhoneNumbers
0x00007fff4de73000 	/System/Library/PrivateFrameworks/AppleIDAuthSupport.framework/Versions/A/AppleIDAuthSupport
0x00007fff412fa000 	/System/Library/Frameworks/Network.framework/Versions/A/Network
0x00007fff5f593000 	/System/Library/PrivateFrameworks/KeychainCircle.framework/Versions/A/KeychainCircle
0x00007fff3a6af000 	/System/Library/Frameworks/CoreBluetooth.framework/Versions/A/CoreBluetooth
0x00007fff69920000 	/System/Library/PrivateFrameworks/SpeechRecognitionCore.framework/Versions/A/SpeechRecognitionCore
0x000000010a600000 	/Library/Java/JavaVirtualMachines/jdk1.8.0_241.jdk/Contents/Home/jre/lib/server/libjvm.dylib
0x00007fff71272000 	/usr/lib/libstdc++.6.dylib
0x000000010946a000 	/Library/Java/JavaVirtualMachines/jdk1.8.0_241.jdk/Contents/Home/jre/lib/libverify.dylib
0x0000000109478000 	/Library/Java/JavaVirtualMachines/jdk1.8.0_241.jdk/Contents/Home/jre/lib/libjava.dylib
0x00000001094af000 	/Library/Java/JavaVirtualMachines/jdk1.8.0_241.jdk/Contents/Home/jre/lib/libjdwp.dylib
0x00000001094fa000 	/Library/Java/JavaVirtualMachines/jdk1.8.0_241.jdk/Contents/Home/jre/lib/libnpt.dylib
0x00000001094fe000 	/Library/Java/JavaVirtualMachines/jdk1.8.0_241.jdk/Contents/Home/jre/lib/libinstrument.dylib
0x000000010959c000 	/Library/Java/JavaVirtualMachines/jdk1.8.0_241.jdk/Contents/Home/jre/lib/libzip.dylib
0x00000001237a0000 	/Library/Java/JavaVirtualMachines/jdk1.8.0_241.jdk/Contents/Home/jre/lib/libdt_socket.dylib

VM Arguments:
jvm_args: -agentlib:jdwp=transport=dt_socket,suspend=y,address=localhost:53128 -javaagent:/Applications/Eclipse.app/Contents/Eclipse/configuration/org.eclipse.osgi/696/0/.cp/lib/javaagent-shaded.jar -Dfile.encoding=UTF-8 
java_command: com.syntax.class04.ScannerTask
java_class_path (initial): /Users/bardicy/eclipse-workspace/JavaBasics/bin:/Applications/Eclipse.app/Contents/Eclipse/configuration/org.eclipse.osgi/696/0/.cp/lib/javaagent-shaded.jar
Launcher Type: SUN_STANDARD

Environment Variables:
PATH=/usr/bin:/bin:/usr/sbin:/sbin
SHELL=/bin/bash

Signal Handlers:
SIGSEGV: [libjvm.dylib+0x5bd1a7], sa_mask[0]=11111111011111110111111111111111, sa_flags=SA_ONSTACK|SA_RESTART|SA_SIGINFO
SIGBUS: [libjvm.dylib+0x5bd1a7], sa_mask[0]=11111111011111110111111111111111, sa_flags=SA_RESTART|SA_SIGINFO
SIGFPE: [libjvm.dylib+0x48e178], sa_mask[0]=11111111011111110111111111111111, sa_flags=SA_RESTART|SA_SIGINFO
SIGPIPE: [libjvm.dylib+0x48e178], sa_mask[0]=11111111011111110111111111111111, sa_flags=SA_RESTART|SA_SIGINFO
SIGXFSZ: [libjvm.dylib+0x48e178], sa_mask[0]=11111111011111110111111111111111, sa_flags=SA_RESTART|SA_SIGINFO
SIGILL: [libjvm.dylib+0x48e178], sa_mask[0]=11111111011111110111111111111111, sa_flags=SA_RESTART|SA_SIGINFO
SIGUSR1: SIG_DFL, sa_mask[0]=00000000000000000000000000000000, sa_flags=none
SIGUSR2: [libjvm.dylib+0x48dc96], sa_mask[0]=00100000000000000000000000000000, sa_flags=SA_RESTART|SA_SIGINFO
SIGHUP: [libjvm.dylib+0x48c221], sa_mask[0]=11111111011111110111111111111111, sa_flags=SA_RESTART|SA_SIGINFO
SIGINT: [libjvm.dylib+0x48c221], sa_mask[0]=11111111011111110111111111111111, sa_flags=SA_RESTART|SA_SIGINFO
SIGTERM: [libjvm.dylib+0x48c221], sa_mask[0]=11111111011111110111111111111111, sa_flags=SA_RESTART|SA_SIGINFO
SIGQUIT: [libjvm.dylib+0x48c221], sa_mask[0]=11111111011111110111111111111111, sa_flags=SA_RESTART|SA_SIGINFO


---------------  S Y S T E M  ---------------

OS:Bsduname:Darwin 19.3.0 Darwin Kernel Version 19.3.0: Thu Jan  9 20:58:23 PST 2020; root:xnu-6153.81.5~1/RELEASE_X86_64 x86_64
rlimit: STACK 8192k, CORE 0k, NPROC 1392, NOFILE 10240, AS infinity
load average:2.53 2.73 2.84

CPU:total 8 (initial active 8) (4 cores per cpu, 2 threads per core) family 6 model 142 stepping 10, cmov, cx8, fxsr, mmx, sse, sse2, sse3, ssse3, sse4.1, sse4.2, popcnt, avx, avx2, aes, clmul, erms, 3dnowpref, lzcnt, ht, tsc, tscinvbit, bmi1, bmi2, adx

Memory: 4k page, physical 8388608k(49132k free)

/proc/meminfo:


vm_info: Java HotSpot(TM) 64-Bit Server VM (25.241-b07) for bsd-amd64 JRE (1.8.0_241-b07), built on Dec 11 2019 02:29:59 by "java_re" with gcc 4.2.1 (Based on Apple Inc. build 5658) (LLVM build 2336.11.00)

time: Thu Feb 20 19:39:01 2020
timezone: EST
elapsed time: 18615 seconds (0d 5h 10m 15s)

